info it worked if it ends with ok
verbose cli [ 'node', '/usr/local/bin/npm', 'test' ]
info using npm@1.1.0-beta-10
info using node@v0.6.7
verbose config file /Users/twilson63/.npmrc
verbose config file /usr/local/etc/npmrc
verbose config file /usr/local/lib/node_modules/npm/npmrc
verbose caching /Users/twilson63/code/request/package.json
verbose loadDefaults request@2.9.100
verbose run-script [ 'pretest', 'test', 'posttest' ]
info pretest request@2.9.100
info test request@2.9.100
verbose unsafe-perm in lifecycle true
silly exec sh "-c" "bash tests/run.sh"
silly spawning [ 'sh',
silly spawning   [ '-c', 'bash tests/run.sh' ],
silly spawning   '/Users/twilson63/code/request' ]
info request@2.9.100 Failed to exec test script
ERR! request@2.9.100 test: `bash tests/run.sh`
ERR! `sh "-c" "bash tests/run.sh"` failed with 6
ERR! 
ERR! Failed at the request@2.9.100 test script.
ERR! This is most likely a problem with the request package,
ERR! not with npm itself.
ERR! Tell the author that this fails on your system:
ERR!     bash tests/run.sh
ERR! You can get their info via:
ERR!     npm owner ls request
ERR! There is likely additional logging output above.
ERR! 
ERR! System Darwin 11.2.0
ERR! command "node" "/usr/local/bin/npm" "test"
ERR! cwd /Users/twilson63/code/request
ERR! node -v v0.6.7
ERR! npm -v 1.1.0-beta-10
ERR! code ELIFECYCLE
ERR! message request@2.9.100 test: `bash tests/run.sh`
ERR! message `sh "-c" "bash tests/run.sh"` failed with 6
verbose exit [ 1, true ]
